<?xml version="1.0" encoding="UTF-8"?>
<!-- Generated by org.testng.reporters.JUnitXMLReporter -->
<testsuite ignored="0" hostname="DESKTOP-PODIVBN" failures="0" tests="3" name="Default test" time="24.591" errors="0" timestamp="2025-11-01T19:53:22 IST">
  <testcase classname="pranav_automation_project.SeleniumFrameworkDesign.tests.SubmitOrderTest" name="submitOrderTest" time="4.247"/>
  <testcase classname="pranav_automation_project.SeleniumFrameworkDesign.tests.SubmitOrderTest" name="submitOrderTest" time="4.575"/>
  <testcase classname="pranav_automation_project.SeleniumFrameworkDesign.tests.SubmitOrderTest" name="verifyOrderTest" time="1.285"/>
</testsuite> <!-- Default test -->
