<?xml version="1.0" encoding="UTF-8"?>
<!-- Generated by org.testng.reporters.JUnitXMLReporter -->
<testsuite ignored="0" hostname="DESKTOP-PODIVBN" failures="1" tests="2" name="Error Validations Test" time="9.906" errors="0" timestamp="2025-11-06T19:53:14 IST">
  <testcase classname="pranav_automation_project.SeleniumFrameworkDesign.tests.ErrorValidationsTest" name="loginErrorValidation" time="1.298">
    <failure type="java.lang.AssertionError" message="expected [Incorrect email or password.] but found [Incorrect email password.]">
      <![CDATA[java.lang.AssertionError: expected [Incorrect email or password.] but found [Incorrect email password.]
at pranav_automation_project.SeleniumFrameworkDesign.tests.ErrorValidationsTest.loginErrorValidation(ErrorValidationsTest.java:18)
at java.base/java.util.ArrayList.forEach(ArrayList.java:1596)
... Removed 31 stack frames]]>
    </failure>
  </testcase> <!-- loginErrorValidation -->
  <testcase classname="pranav_automation_project.SeleniumFrameworkDesign.tests.ErrorValidationsTest" name="productErrorValidation" time="1.181"/>
</testsuite> <!-- Error Validations Test -->
