<?xml version="1.0" encoding="UTF-8"?>
<!-- Generated by org.testng.reporters.JUnitXMLReporter -->
<testsuite ignored="0" hostname="DESKTOP-PODIVBN" failures="0" tests="2" name="Stand Alone Test" time="6.437" errors="0" timestamp="2025-11-06T19:51:12 IST">
  <testcase classname="pranav_automation_project.SeleniumFrameworkDesign.tests.ErrorValidationsTest" name="loginErrorValidation" time="1.472"/>
  <testcase classname="pranav_automation_project.SeleniumFrameworkDesign.tests.ErrorValidationsTest" name="productErrorValidation" time="0.996"/>
</testsuite> <!-- Stand Alone Test -->
