<?xml version="1.0" encoding="UTF-8"?>
<!-- Generated by org.testng.reporters.JUnitXMLReporter -->
<testsuite ignored="0" hostname="DESKTOP-PODIVBN" failures="0" tests="3" name="Submit Order Test" time="20.457" errors="0" timestamp="2025-11-06T19:53:04 IST">
  <testcase classname="pranav_automation_project.SeleniumFrameworkDesign.tests.SubmitOrderTest" name="submitOrderTest" time="4.054"/>
  <testcase classname="pranav_automation_project.SeleniumFrameworkDesign.tests.SubmitOrderTest" name="submitOrderTest" time="4.068"/>
  <testcase classname="pranav_automation_project.SeleniumFrameworkDesign.tests.SubmitOrderTest" name="verifyOrderTest" time="1.281"/>
</testsuite> <!-- Submit Order Test -->
