<?xml version="1.0" encoding="UTF-8"?>
<testng-results ignored="0" total="1" passed="1" failed="0" skipped="0">
  <reporter-output>
  </reporter-output>
  <suite started-at="2025-10-30T19:26:44 IST" name="Default suite" finished-at="2025-10-30T19:27:04 IST" duration-ms="19639">
    <groups>
    </groups>
    <test started-at="2025-10-30T19:26:44 IST" name="Default test" finished-at="2025-10-30T19:27:04 IST" duration-ms="19639">
      <class name="pranav_automation_project.SeleniumFrameworkDesign.tests.SubmitOrderTest">
        <test-method is-config="true" signature="launchApplication()[pri:0, instance:pranav_automation_project.SeleniumFrameworkDesign.tests.SubmitOrderTest@710f4dc7]" started-at="2025-10-30T19:26:44 IST" name="launchApplication" finished-at="2025-10-30T19:26:50 IST" duration-ms="5839" status="PASS">
          <reporter-output>
          </reporter-output>
        </test-method> <!-- launchApplication -->
        <test-method signature="submitOrderTest()[pri:0, instance:pranav_automation_project.SeleniumFrameworkDesign.tests.SubmitOrderTest@710f4dc7]" started-at="2025-10-30T19:26:50 IST" name="submitOrderTest" finished-at="2025-10-30T19:27:04 IST" duration-ms="13684" status="PASS">
          <reporter-output>
          </reporter-output>
        </test-method> <!-- submitOrderTest -->
      </class> <!-- pranav_automation_project.SeleniumFrameworkDesign.tests.SubmitOrderTest -->
    </test> <!-- Default test -->
  </suite> <!-- Default suite -->
</testng-results>
