<?xml version="1.0" encoding="UTF-8"?>
<testng-results ignored="0" total="5" passed="4" failed="1" skipped="0">
  <reporter-output>
  </reporter-output>
  <suite started-at="2025-11-06T19:52:43 IST" name="Suite" finished-at="2025-11-06T19:53:14 IST" duration-ms="30797">
    <groups>
      <group name="ErrorHandling">
        <method signature="ErrorValidationsTest.loginErrorValidation()[pri:0, instance:pranav_automation_project.SeleniumFrameworkDesign.tests.ErrorValidationsTest@651aed93]" name="loginErrorValidation" class="pranav_automation_project.SeleniumFrameworkDesign.tests.ErrorValidationsTest"/>
      </group> <!-- ErrorHandling -->
      <group name="Purchase">
        <method signature="SubmitOrderTest.submitOrderTest(java.util.HashMap)[pri:0, instance:pranav_automation_project.SeleniumFrameworkDesign.tests.SubmitOrderTest@18317edc]" name="submitOrderTest" class="pranav_automation_project.SeleniumFrameworkDesign.tests.SubmitOrderTest"/>
      </group> <!-- Purchase -->
    </groups>
    <test started-at="2025-11-06T19:52:43 IST" name="Submit Order Test" finished-at="2025-11-06T19:53:04 IST" duration-ms="20457">
      <class name="pranav_automation_project.SeleniumFrameworkDesign.tests.SubmitOrderTest">
        <test-method is-config="true" signature="launchApplication()[pri:0, instance:pranav_automation_project.SeleniumFrameworkDesign.tests.SubmitOrderTest@18317edc]" started-at="2025-11-06T19:52:43 IST" name="launchApplication" finished-at="2025-11-06T19:52:49 IST" duration-ms="5815" status="PASS">
          <reporter-output>
          </reporter-output>
        </test-method> <!-- launchApplication -->
        <test-method signature="submitOrderTest(java.util.HashMap)[pri:0, instance:pranav_automation_project.SeleniumFrameworkDesign.tests.SubmitOrderTest@18317edc]" started-at="2025-11-06T19:52:49 IST" name="submitOrderTest" data-provider="getData" finished-at="2025-11-06T19:52:53 IST" duration-ms="4054" status="PASS">
          <params>
            <param index="0">
              <value>
                <![CDATA[{password=WhiteDiamond@123, product=ZARA COAT 3, email=pranav@example.com}]]>
              </value>
            </param>
          </params>
          <reporter-output>
          </reporter-output>
        </test-method> <!-- submitOrderTest -->
        <test-method is-config="true" signature="tearDown()[pri:0, instance:pranav_automation_project.SeleniumFrameworkDesign.tests.SubmitOrderTest@18317edc]" started-at="2025-11-06T19:52:53 IST" name="tearDown" finished-at="2025-11-06T19:52:53 IST" duration-ms="172" status="PASS">
          <reporter-output>
          </reporter-output>
        </test-method> <!-- tearDown -->
        <test-method is-config="true" signature="launchApplication()[pri:0, instance:pranav_automation_project.SeleniumFrameworkDesign.tests.SubmitOrderTest@18317edc]" started-at="2025-11-06T19:52:53 IST" name="launchApplication" finished-at="2025-11-06T19:52:56 IST" duration-ms="2286" status="PASS">
          <reporter-output>
          </reporter-output>
        </test-method> <!-- launchApplication -->
        <test-method signature="submitOrderTest(java.util.HashMap)[pri:0, instance:pranav_automation_project.SeleniumFrameworkDesign.tests.SubmitOrderTest@18317edc]" started-at="2025-11-06T19:52:56 IST" name="submitOrderTest" data-provider="getData" finished-at="2025-11-06T19:53:00 IST" duration-ms="4068" status="PASS">
          <params>
            <param index="0">
              <value>
                <![CDATA[{password=WhiteDiamond@123, product=ADIDAS ORIGINAL, email=pranavsethi2@example.com}]]>
              </value>
            </param>
          </params>
          <reporter-output>
          </reporter-output>
        </test-method> <!-- submitOrderTest -->
        <test-method is-config="true" signature="tearDown()[pri:0, instance:pranav_automation_project.SeleniumFrameworkDesign.tests.SubmitOrderTest@18317edc]" started-at="2025-11-06T19:53:00 IST" name="tearDown" finished-at="2025-11-06T19:53:00 IST" duration-ms="183" status="PASS">
          <reporter-output>
          </reporter-output>
        </test-method> <!-- tearDown -->
        <test-method is-config="true" signature="launchApplication()[pri:0, instance:pranav_automation_project.SeleniumFrameworkDesign.tests.SubmitOrderTest@18317edc]" started-at="2025-11-06T19:53:00 IST" name="launchApplication" finished-at="2025-11-06T19:53:02 IST" duration-ms="2185" status="PASS">
          <reporter-output>
          </reporter-output>
        </test-method> <!-- launchApplication -->
        <test-method signature="verifyOrderTest()[pri:0, instance:pranav_automation_project.SeleniumFrameworkDesign.tests.SubmitOrderTest@18317edc]" started-at="2025-11-06T19:53:02 IST" name="verifyOrderTest" finished-at="2025-11-06T19:53:03 IST" depends-on-methods="pranav_automation_project.SeleniumFrameworkDesign.tests.SubmitOrderTest.submitOrderTest" duration-ms="1281" status="PASS">
          <reporter-output>
          </reporter-output>
        </test-method> <!-- verifyOrderTest -->
        <test-method is-config="true" signature="tearDown()[pri:0, instance:pranav_automation_project.SeleniumFrameworkDesign.tests.SubmitOrderTest@18317edc]" started-at="2025-11-06T19:53:03 IST" name="tearDown" finished-at="2025-11-06T19:53:04 IST" duration-ms="94" status="PASS">
          <reporter-output>
          </reporter-output>
        </test-method> <!-- tearDown -->
      </class> <!-- pranav_automation_project.SeleniumFrameworkDesign.tests.SubmitOrderTest -->
    </test> <!-- Submit Order Test -->
    <test started-at="2025-11-06T19:53:04 IST" name="Error Validations Test" finished-at="2025-11-06T19:53:14 IST" duration-ms="9906">
      <class name="pranav_automation_project.SeleniumFrameworkDesign.tests.ErrorValidationsTest">
        <test-method is-config="true" signature="launchApplication()[pri:0, instance:pranav_automation_project.SeleniumFrameworkDesign.tests.ErrorValidationsTest@651aed93]" started-at="2025-11-06T19:53:04 IST" name="launchApplication" finished-at="2025-11-06T19:53:09 IST" duration-ms="4715" status="PASS">
          <reporter-output>
          </reporter-output>
        </test-method> <!-- launchApplication -->
        <test-method signature="loginErrorValidation()[pri:0, instance:pranav_automation_project.SeleniumFrameworkDesign.tests.ErrorValidationsTest@651aed93]" started-at="2025-11-06T19:53:09 IST" name="loginErrorValidation" finished-at="2025-11-06T19:53:10 IST" duration-ms="1298" status="FAIL">
          <exception class="java.lang.AssertionError">
            <message>
              <![CDATA[expected [Incorrect email or password.] but found [Incorrect email password.]]]>
            </message>
            <full-stacktrace>
              <![CDATA[java.lang.AssertionError: expected [Incorrect email or password.] but found [Incorrect email password.]
at org.testng.Assert.fail(Assert.java:111)
at org.testng.Assert.failNotEquals(Assert.java:1578)
at org.testng.Assert.assertEqualsImpl(Assert.java:150)
at org.testng.Assert.assertEquals(Assert.java:132)
at org.testng.Assert.assertEquals(Assert.java:656)
at org.testng.Assert.assertEquals(Assert.java:666)
at pranav_automation_project.SeleniumFrameworkDesign.tests.ErrorValidationsTest.loginErrorValidation(ErrorValidationsTest.java:18)
at java.base/jdk.internal.reflect.DirectMethodHandleAccessor.invoke(DirectMethodHandleAccessor.java:103)
at java.base/java.lang.reflect.Method.invoke(Method.java:580)
at org.testng.internal.invokers.MethodInvocationHelper.invokeMethod(MethodInvocationHelper.java:141)
at org.testng.internal.invokers.TestInvoker.invokeMethod(TestInvoker.java:686)
at org.testng.internal.invokers.TestInvoker.invokeTestMethod(TestInvoker.java:230)
at org.testng.internal.invokers.MethodRunner.runInSequence(MethodRunner.java:63)
at org.testng.internal.invokers.TestInvoker$MethodInvocationAgent.invoke(TestInvoker.java:992)
at org.testng.internal.invokers.TestInvoker.invokeTestMethods(TestInvoker.java:203)
at org.testng.internal.invokers.TestMethodWorker.invokeTestMethods(TestMethodWorker.java:154)
at org.testng.internal.invokers.TestMethodWorker.run(TestMethodWorker.java:134)
at java.base/java.util.ArrayList.forEach(ArrayList.java:1596)
at org.testng.TestRunner.privateRun(TestRunner.java:739)
at org.testng.TestRunner.run(TestRunner.java:614)
at org.testng.SuiteRunner.runTest(SuiteRunner.java:421)
at org.testng.SuiteRunner.runSequentially(SuiteRunner.java:413)
at org.testng.SuiteRunner.privateRun(SuiteRunner.java:373)
at org.testng.SuiteRunner.run(SuiteRunner.java:312)
at org.testng.SuiteRunnerWorker.runSuite(SuiteRunnerWorker.java:52)
at org.testng.SuiteRunnerWorker.run(SuiteRunnerWorker.java:95)
at org.testng.TestNG.runSuitesSequentially(TestNG.java:1274)
at org.testng.TestNG.runSuitesLocally(TestNG.java:1208)
at org.testng.TestNG.runSuites(TestNG.java:1112)
at org.testng.TestNG.run(TestNG.java:1079)
at org.testng.remote.AbstractRemoteTestNG.run(AbstractRemoteTestNG.java:115)
at org.testng.remote.RemoteTestNG.initAndRun(RemoteTestNG.java:293)
at org.testng.remote.RemoteTestNG.main(RemoteTestNG.java:91)
]]>
            </full-stacktrace>
          </exception> <!-- java.lang.AssertionError -->
          <reporter-output>
          </reporter-output>
        </test-method> <!-- loginErrorValidation -->
        <test-method is-config="true" signature="tearDown()[pri:0, instance:pranav_automation_project.SeleniumFrameworkDesign.tests.ErrorValidationsTest@651aed93]" started-at="2025-11-06T19:53:11 IST" name="tearDown" finished-at="2025-11-06T19:53:11 IST" duration-ms="228" status="PASS">
          <reporter-output>
          </reporter-output>
        </test-method> <!-- tearDown -->
        <test-method is-config="true" signature="launchApplication()[pri:0, instance:pranav_automation_project.SeleniumFrameworkDesign.tests.ErrorValidationsTest@651aed93]" started-at="2025-11-06T19:53:11 IST" name="launchApplication" finished-at="2025-11-06T19:53:13 IST" duration-ms="1861" status="PASS">
          <reporter-output>
          </reporter-output>
        </test-method> <!-- launchApplication -->
        <test-method signature="productErrorValidation()[pri:0, instance:pranav_automation_project.SeleniumFrameworkDesign.tests.ErrorValidationsTest@651aed93]" started-at="2025-11-06T19:53:13 IST" name="productErrorValidation" finished-at="2025-11-06T19:53:14 IST" duration-ms="1181" status="PASS">
          <reporter-output>
          </reporter-output>
        </test-method> <!-- productErrorValidation -->
        <test-method is-config="true" signature="tearDown()[pri:0, instance:pranav_automation_project.SeleniumFrameworkDesign.tests.ErrorValidationsTest@651aed93]" started-at="2025-11-06T19:53:14 IST" name="tearDown" finished-at="2025-11-06T19:53:14 IST" duration-ms="108" status="PASS">
          <reporter-output>
          </reporter-output>
        </test-method> <!-- tearDown -->
      </class> <!-- pranav_automation_project.SeleniumFrameworkDesign.tests.ErrorValidationsTest -->
    </test> <!-- Error Validations Test -->
  </suite> <!-- Suite -->
</testng-results>
