<?xml version="1.0" encoding="UTF-8"?>
<testng-results ignored="0" total="2" passed="2" failed="0" skipped="0">
  <reporter-output>
  </reporter-output>
  <suite started-at="2025-11-01T15:17:35 IST" name="Suite" finished-at="2025-11-01T15:18:15 IST" duration-ms="40354">
    <groups>
    </groups>
    <test started-at="2025-11-01T15:17:35 IST" name="Submit Order Test" finished-at="2025-11-01T15:18:00 IST" duration-ms="24731">
      <class name="pranav_automation_project.SeleniumFrameworkDesign.tests.SubmitOrderTest">
        <test-method is-config="true" signature="launchApplication()[pri:0, instance:pranav_automation_project.SeleniumFrameworkDesign.tests.SubmitOrderTest@710f4dc7]" started-at="2025-11-01T15:17:35 IST" name="launchApplication" finished-at="2025-11-01T15:17:46 IST" duration-ms="10513" status="PASS">
          <reporter-output>
          </reporter-output>
        </test-method> <!-- launchApplication -->
        <test-method signature="submitOrderTest()[pri:0, instance:pranav_automation_project.SeleniumFrameworkDesign.tests.SubmitOrderTest@710f4dc7]" started-at="2025-11-01T15:17:46 IST" name="submitOrderTest" finished-at="2025-11-01T15:18:00 IST" duration-ms="14108" status="PASS">
          <reporter-output>
          </reporter-output>
        </test-method> <!-- submitOrderTest -->
      </class> <!-- pranav_automation_project.SeleniumFrameworkDesign.tests.SubmitOrderTest -->
    </test> <!-- Submit Order Test -->
    <test started-at="2025-11-01T15:18:00 IST" name="Stand Alone Test" finished-at="2025-11-01T15:18:15 IST" duration-ms="15494">
      <class name="pranav_automation_project.SeleniumFrameworkDesign.tests.StandAloneTest">
        <test-method signature="submitOrderTest()[pri:0, instance:pranav_automation_project.SeleniumFrameworkDesign.tests.StandAloneTest@3af9c5b7]" started-at="2025-11-01T15:18:00 IST" name="submitOrderTest" finished-at="2025-11-01T15:18:15 IST" duration-ms="15485" status="PASS">
          <reporter-output>
          </reporter-output>
        </test-method> <!-- submitOrderTest -->
      </class> <!-- pranav_automation_project.SeleniumFrameworkDesign.tests.StandAloneTest -->
    </test> <!-- Stand Alone Test -->
  </suite> <!-- Suite -->
</testng-results>
