<?xml version="1.0" encoding="UTF-8"?>
<!-- Generated by org.testng.reporters.JUnitReportReporter -->
<testsuite hostname="DESKTOP-PODIVBN" failures="0" tests="1" name="pranav_automation_project.SeleniumFrameworkDesign.tests.StandAloneTest" time="15.485" errors="0" timestamp="2025-11-01T15:18:16 IST" skipped="0">
  <testcase classname="pranav_automation_project.SeleniumFrameworkDesign.tests.StandAloneTest" name="submitOrderTest" time="15.485"/>
</testsuite> <!-- pranav_automation_project.SeleniumFrameworkDesign.tests.StandAloneTest -->
