<?xml version="1.0" encoding="UTF-8"?>
<!-- Generated by org.testng.reporters.JUnitReportReporter -->
<testsuite hostname="DESKTOP-PODIVBN" failures="0" tests="1" name="pranav_automation_project.SeleniumFrameworkDesign.tests.SubmitOrderTest" time="13.684" errors="0" timestamp="2025-10-30T19:27:04 IST" skipped="0">
  <testcase classname="pranav_automation_project.SeleniumFrameworkDesign.tests.SubmitOrderTest" name="submitOrderTest" time="13.684"/>
</testsuite> <!-- pranav_automation_project.SeleniumFrameworkDesign.tests.SubmitOrderTest -->
